<?xml version="1.0" encoding="UTF-8"?>
<!-- Generated by org.testng.reporters.JUnitReportReporter -->
<testsuite skipped="0" hostname="DESKTOP-47QOTDC" name="driverFactory.AppTest" tests="1" failures="0" timestamp="19 Mar 2018 13:34:41 GMT" time="35.239" errors="0">
  <testcase name="kickStart" time="35.239" classname="driverFactory.AppTest"/>
</testsuite> <!-- driverFactory.AppTest -->
